
> mio-sito-web@0.1.0 dev
> next dev --turbopack

   ▲ Next.js 15.4.1 (Turbopack)
   - Local:        http://localhost:3000
   - Network:      http://172.20.10.6:3000

 ✓ Starting...
 ✓ Ready in 569ms
 ○ Compiling / ...
 ✓ Compiled / in 1556ms
 GET / 200 in 1689ms
 ✓ Compiled /favicon.ico in 67ms
 GET /favicon.ico?favicon.45db1c09.ico 200 in 309ms
 GET / 200 in 47ms
 ✓ Compiled / in 11ms
 GET / 200 in 69ms
 GET / 200 in 132ms
 GET /favicon.ico?favicon.45db1c09.ico 200 in 215ms
 GET / 200 in 54ms
 GET /favicon.ico?favicon.45db1c09.ico 200 in 217ms
 GET / 200 in 51ms
 GET /favicon.ico?favicon.45db1c09.ico 200 in 216ms
 GET / 200 in 48ms
 ✓ Compiled in 17ms
 ✓ Compiled / in 8ms
 GET / 200 in 61ms
 ✓ Compiled / in 8ms
 GET / 200 in 57ms
 ✓ Compiled / in 6ms
 GET / 200 in 49ms
 ✓ Compiled / in 9ms
 GET / 200 in 57ms
 GET / 200 in 115ms
 GET /favicon.ico?favicon.45db1c09.ico 200 in 226ms
 GET / 200 in 56ms
 GET /favicon.ico?favicon.45db1c09.ico 200 in 217ms
 GET / 200 in 48ms
 GET /favicon.ico?favicon.45db1c09.ico 200 in 212ms
 ✓ Compiled in 255ms
 ✓ Compiled in 205ms
 ✓ Compiled in 20ms
 ⨯ ./src/app/page.tsx:5:1
Module not found: Can't resolve '@/components/ContactForm'
[0m [90m 3 |[39m [36mimport[39m { [33mAnimatedSection[39m[33m,[39m [33mAnimatedCard[39m[33m,[39m [33mAnimatedButton[39m[33m,[39m [33mAnimatedIcon[39m } [36mfrom[39m [32m'@/components/AnimatedSection'[39m[33m;[39m
 [90m 4 |[39m [36mimport[39m [33mHeader[39m [36mfrom[39m [32m'@/components/Header'[39m[33m;[39m
[31m[1m>[22m[39m[90m 5 |[39m [36mimport[39m [33mContactForm[39m [36mfrom[39m [32m'@/components/ContactForm'[39m[33m;[39m
 [90m   |[39m [31m[1m^[22m[39m[31m[1m^[22m[39m[31m[1m^[22m[39m[31m[1m^[22m[39m[31m[1m^[22m[39m[31m[1m^[22m[39m[31m[1m^[22m[39m[31m[1m^[22m[39m[31m[1m^[22m[39m[31m[1m^[22m[39m[31m[1m^[22m[39m[31m[1m^[22m[39m[31m[1m^[22m[39m[31m[1m^[22m[39m[31m[1m^[22m[39m[31m[1m^[22m[39m[31m[1m^[22m[39m[31m[1m^[22m[39m[31m[1m^[22m[39m[31m[1m^[22m[39m[31m[1m^[22m[39m[31m[1m^[22m[39m[31m[1m^[22m[39m[31m[1m^[22m[39m[31m[1m^[22m[39m[31m[1m^[22m[39m[31m[1m^[22m[39m[31m[1m^[22m[39m[31m[1m^[22m[39m[31m[1m^[22m[39m[31m[1m^[22m[39m[31m[1m^[22m[39m[31m[1m^[22m[39m[31m[1m^[22m[39m[31m[1m^[22m[39m[31m[1m^[22m[39m[31m[1m^[22m[39m[31m[1m^[22m[39m[31m[1m^[22m[39m[31m[1m^[22m[39m[31m[1m^[22m[39m[31m[1m^[22m[39m[31m[1m^[22m[39m[31m[1m^[22m[39m[31m[1m^[22m[39m[31m[1m^[22m[39m[31m[1m^[22m[39m[31m[1m^[22m[39m[31m[1m^[22m[39m[31m[1m^[22m[39m[31m[1m^[22m[39m
 [90m 6 |[39m [36mimport[39m { motion } [36mfrom[39m [32m'framer-motion'[39m[33m;[39m
 [90m 7 |[39m
 [90m 8 |[39m [36mexport[39m [36mdefault[39m [36mfunction[39m [33mHome[39m() {[0m

Import map: aliased to relative './src/components/ContactForm' inside of [project]/


https://nextjs.org/docs/messages/module-not-found


 ⨯ ./src/app/page.tsx:5:1
Module not found: Can't resolve '@/components/ContactForm'
[0m [90m 3 |[39m [36mimport[39m { [33mAnimatedSection[39m[33m,[39m [33mAnimatedCard[39m[33m,[39m [33mAnimatedButton[39m[33m,[39m [33mAnimatedIcon[39m } [36mfrom[39m [32m'@/components/AnimatedSection'[39m[33m;[39m
 [90m 4 |[39m [36mimport[39m [33mHeader[39m [36mfrom[39m [32m'@/components/Header'[39m[33m;[39m
[31m[1m>[22m[39m[90m 5 |[39m [36mimport[39m [33mContactForm[39m [36mfrom[39m [32m'@/components/ContactForm'[39m[33m;[39m
 [90m   |[39m [31m[1m^[22m[39m[31m[1m^[22m[39m[31m[1m^[22m[39m[31m[1m^[22m[39m[31m[1m^[22m[39m[31m[1m^[22m[39m[31m[1m^[22m[39m[31m[1m^[22m[39m[31m[1m^[22m[39m[31m[1m^[22m[39m[31m[1m^[22m[39m[31m[1m^[22m[39m[31m[1m^[22m[39m[31m[1m^[22m[39m[31m[1m^[22m[39m[31m[1m^[22m[39m[31m[1m^[22m[39m[31m[1m^[22m[39m[31m[1m^[22m[39m[31m[1m^[22m[39m[31m[1m^[22m[39m[31m[1m^[22m[39m[31m[1m^[22m[39m[31m[1m^[22m[39m[31m[1m^[22m[39m[31m[1m^[22m[39m[31m[1m^[22m[39m[31m[1m^[22m[39m[31m[1m^[22m[39m[31m[1m^[22m[39m[31m[1m^[22m[39m[31m[1m^[22m[39m[31m[1m^[22m[39m[31m[1m^[22m[39m[31m[1m^[22m[39m[31m[1m^[22m[39m[31m[1m^[22m[39m[31m[1m^[22m[39m[31m[1m^[22m[39m[31m[1m^[22m[39m[31m[1m^[22m[39m[31m[1m^[22m[39m[31m[1m^[22m[39m[31m[1m^[22m[39m[31m[1m^[22m[39m[31m[1m^[22m[39m[31m[1m^[22m[39m[31m[1m^[22m[39m[31m[1m^[22m[39m[31m[1m^[22m[39m[31m[1m^[22m[39m
 [90m 6 |[39m [36mimport[39m { motion } [36mfrom[39m [32m'framer-motion'[39m[33m;[39m
 [90m 7 |[39m
 [90m 8 |[39m [36mexport[39m [36mdefault[39m [36mfunction[39m [33mHome[39m() {[0m

Import map: aliased to relative './src/components/ContactForm' inside of [project]/


https://nextjs.org/docs/messages/module-not-found


 ⨯ ./src/app/page.tsx:5:1
Module not found: Can't resolve '@/components/ContactForm'
[0m [90m 3 |[39m [36mimport[39m { [33mAnimatedSection[39m[33m,[39m [33mAnimatedCard[39m[33m,[39m [33mAnimatedButton[39m[33m,[39m [33mAnimatedIcon[39m } [36mfrom[39m [32m'@/components/AnimatedSection'[39m[33m;[39m
 [90m 4 |[39m [36mimport[39m [33mHeader[39m [36mfrom[39m [32m'@/components/Header'[39m[33m;[39m
[31m[1m>[22m[39m[90m 5 |[39m [36mimport[39m [33mContactForm[39m [36mfrom[39m [32m'@/components/ContactForm'[39m[33m;[39m
 [90m   |[39m [31m[1m^[22m[39m[31m[1m^[22m[39m[31m[1m^[22m[39m[31m[1m^[22m[39m[31m[1m^[22m[39m[31m[1m^[22m[39m[31m[1m^[22m[39m[31m[1m^[22m[39m[31m[1m^[22m[39m[31m[1m^[22m[39m[31m[1m^[22m[39m[31m[1m^[22m[39m[31m[1m^[22m[39m[31m[1m^[22m[39m[31m[1m^[22m[39m[31m[1m^[22m[39m[31m[1m^[22m[39m[31m[1m^[22m[39m[31m[1m^[22m[39m[31m[1m^[22m[39m[31m[1m^[22m[39m[31m[1m^[22m[39m[31m[1m^[22m[39m[31m[1m^[22m[39m[31m[1m^[22m[39m[31m[1m^[22m[39m[31m[1m^[22m[39m[31m[1m^[22m[39m[31m[1m^[22m[39m[31m[1m^[22m[39m[31m[1m^[22m[39m[31m[1m^[22m[39m[31m[1m^[22m[39m[31m[1m^[22m[39m[31m[1m^[22m[39m[31m[1m^[22m[39m[31m[1m^[22m[39m[31m[1m^[22m[39m[31m[1m^[22m[39m[31m[1m^[22m[39m[31m[1m^[22m[39m[31m[1m^[22m[39m[31m[1m^[22m[39m[31m[1m^[22m[39m[31m[1m^[22m[39m[31m[1m^[22m[39m[31m[1m^[22m[39m[31m[1m^[22m[39m[31m[1m^[22m[39m[31m[1m^[22m[39m[31m[1m^[22m[39m
 [90m 6 |[39m [36mimport[39m { motion } [36mfrom[39m [32m'framer-motion'[39m[33m;[39m
 [90m 7 |[39m
 [90m 8 |[39m [36mexport[39m [36mdefault[39m [36mfunction[39m [33mHome[39m() {[0m

Import map: aliased to relative './src/components/ContactForm' inside of [project]/


https://nextjs.org/docs/messages/module-not-found


 ⨯ ./src/app/page.tsx:5:1
Module not found: Can't resolve '@/components/ContactForm'
[0m [90m 3 |[39m [36mimport[39m { [33mAnimatedSection[39m[33m,[39m [33mAnimatedCard[39m[33m,[39m [33mAnimatedButton[39m[33m,[39m [33mAnimatedIcon[39m } [36mfrom[39m [32m'@/components/AnimatedSection'[39m[33m;[39m
 [90m 4 |[39m [36mimport[39m [33mHeader[39m [36mfrom[39m [32m'@/components/Header'[39m[33m;[39m
[31m[1m>[22m[39m[90m 5 |[39m [36mimport[39m [33mContactForm[39m [36mfrom[39m [32m'@/components/ContactForm'[39m[33m;[39m
 [90m   |[39m [31m[1m^[22m[39m[31m[1m^[22m[39m[31m[1m^[22m[39m[31m[1m^[22m[39m[31m[1m^[22m[39m[31m[1m^[22m[39m[31m[1m^[22m[39m[31m[1m^[22m[39m[31m[1m^[22m[39m[31m[1m^[22m[39m[31m[1m^[22m[39m[31m[1m^[22m[39m[31m[1m^[22m[39m[31m[1m^[22m[39m[31m[1m^[22m[39m[31m[1m^[22m[39m[31m[1m^[22m[39m[31m[1m^[22m[39m[31m[1m^[22m[39m[31m[1m^[22m[39m[31m[1m^[22m[39m[31m[1m^[22m[39m[31m[1m^[22m[39m[31m[1m^[22m[39m[31m[1m^[22m[39m[31m[1m^[22m[39m[31m[1m^[22m[39m[31m[1m^[22m[39m[31m[1m^[22m[39m[31m[1m^[22m[39m[31m[1m^[22m[39m[31m[1m^[22m[39m[31m[1m^[22m[39m[31m[1m^[22m[39m[31m[1m^[22m[39m[31m[1m^[22m[39m[31m[1m^[22m[39m[31m[1m^[22m[39m[31m[1m^[22m[39m[31m[1m^[22m[39m[31m[1m^[22m[39m[31m[1m^[22m[39m[31m[1m^[22m[39m[31m[1m^[22m[39m[31m[1m^[22m[39m[31m[1m^[22m[39m[31m[1m^[22m[39m[31m[1m^[22m[39m[31m[1m^[22m[39m[31m[1m^[22m[39m[31m[1m^[22m[39m
 [90m 6 |[39m [36mimport[39m { motion } [36mfrom[39m [32m'framer-motion'[39m[33m;[39m
 [90m 7 |[39m
 [90m 8 |[39m [36mexport[39m [36mdefault[39m [36mfunction[39m [33mHome[39m() {[0m

Import map: aliased to relative './src/components/ContactForm' inside of [project]/


https://nextjs.org/docs/messages/module-not-found


 ⨯ ./src/app/page.tsx:5:1
Module not found: Can't resolve '@/components/ContactForm'
[0m [90m 3 |[39m [36mimport[39m { [33mAnimatedSection[39m[33m,[39m [33mAnimatedCard[39m[33m,[39m [33mAnimatedButton[39m[33m,[39m [33mAnimatedIcon[39m } [36mfrom[39m [32m'@/components/AnimatedSection'[39m[33m;[39m
 [90m 4 |[39m [36mimport[39m [33mHeader[39m [36mfrom[39m [32m'@/components/Header'[39m[33m;[39m
[31m[1m>[22m[39m[90m 5 |[39m [36mimport[39m [33mContactForm[39m [36mfrom[39m [32m'@/components/ContactForm'[39m[33m;[39m
 [90m   |[39m [31m[1m^[22m[39m[31m[1m^[22m[39m[31m[1m^[22m[39m[31m[1m^[22m[39m[31m[1m^[22m[39m[31m[1m^[22m[39m[31m[1m^[22m[39m[31m[1m^[22m[39m[31m[1m^[22m[39m[31m[1m^[22m[39m[31m[1m^[22m[39m[31m[1m^[22m[39m[31m[1m^[22m[39m[31m[1m^[22m[39m[31m[1m^[22m[39m[31m[1m^[22m[39m[31m[1m^[22m[39m[31m[1m^[22m[39m[31m[1m^[22m[39m[31m[1m^[22m[39m[31m[1m^[22m[39m[31m[1m^[22m[39m[31m[1m^[22m[39m[31m[1m^[22m[39m[31m[1m^[22m[39m[31m[1m^[22m[39m[31m[1m^[22m[39m[31m[1m^[22m[39m[31m[1m^[22m[39m[31m[1m^[22m[39m[31m[1m^[22m[39m[31m[1m^[22m[39m[31m[1m^[22m[39m[31m[1m^[22m[39m[31m[1m^[22m[39m[31m[1m^[22m[39m[31m[1m^[22m[39m[31m[1m^[22m[39m[31m[1m^[22m[39m[31m[1m^[22m[39m[31m[1m^[22m[39m[31m[1m^[22m[39m[31m[1m^[22m[39m[31m[1m^[22m[39m[31m[1m^[22m[39m[31m[1m^[22m[39m[31m[1m^[22m[39m[31m[1m^[22m[39m[31m[1m^[22m[39m[31m[1m^[22m[39m[31m[1m^[22m[39m
 [90m 6 |[39m [36mimport[39m { motion } [36mfrom[39m [32m'framer-motion'[39m[33m;[39m
 [90m 7 |[39m
 [90m 8 |[39m [36mexport[39m [36mdefault[39m [36mfunction[39m [33mHome[39m() {[0m

Import map: aliased to relative './src/components/ContactForm' inside of [project]/


https://nextjs.org/docs/messages/module-not-found


 ⨯ ./src/app/page.tsx:5:1
Module not found: Can't resolve '@/components/ContactForm'
[0m [90m 3 |[39m [36mimport[39m { [33mAnimatedSection[39m[33m,[39m [33mAnimatedCard[39m[33m,[39m [33mAnimatedButton[39m[33m,[39m [33mAnimatedIcon[39m } [36mfrom[39m [32m'@/components/AnimatedSection'[39m[33m;[39m
 [90m 4 |[39m [36mimport[39m [33mHeader[39m [36mfrom[39m [32m'@/components/Header'[39m[33m;[39m
[31m[1m>[22m[39m[90m 5 |[39m [36mimport[39m [33mContactForm[39m [36mfrom[39m [32m'@/components/ContactForm'[39m[33m;[39m
 [90m   |[39m [31m[1m^[22m[39m[31m[1m^[22m[39m[31m[1m^[22m[39m[31m[1m^[22m[39m[31m[1m^[22m[39m[31m[1m^[22m[39m[31m[1m^[22m[39m[31m[1m^[22m[39m[31m[1m^[22m[39m[31m[1m^[22m[39m[31m[1m^[22m[39m[31m[1m^[22m[39m[31m[1m^[22m[39m[31m[1m^[22m[39m[31m[1m^[22m[39m[31m[1m^[22m[39m[31m[1m^[22m[39m[31m[1m^[22m[39m[31m[1m^[22m[39m[31m[1m^[22m[39m[31m[1m^[22m[39m[31m[1m^[22m[39m[31m[1m^[22m[39m[31m[1m^[22m[39m[31m[1m^[22m[39m[31m[1m^[22m[39m[31m[1m^[22m[39m[31m[1m^[22m[39m[31m[1m^[22m[39m[31m[1m^[22m[39m[31m[1m^[22m[39m[31m[1m^[22m[39m[31m[1m^[22m[39m[31m[1m^[22m[39m[31m[1m^[22m[39m[31m[1m^[22m[39m[31m[1m^[22m[39m[31m[1m^[22m[39m[31m[1m^[22m[39m[31m[1m^[22m[39m[31m[1m^[22m[39m[31m[1m^[22m[39m[31m[1m^[22m[39m[31m[1m^[22m[39m[31m[1m^[22m[39m[31m[1m^[22m[39m[31m[1m^[22m[39m[31m[1m^[22m[39m[31m[1m^[22m[39m[31m[1m^[22m[39m[31m[1m^[22m[39m
 [90m 6 |[39m [36mimport[39m { motion } [36mfrom[39m [32m'framer-motion'[39m[33m;[39m
 [90m 7 |[39m
 [90m 8 |[39m [36mexport[39m [36mdefault[39m [36mfunction[39m [33mHome[39m() {[0m

Import map: aliased to relative './src/components/ContactForm' inside of [project]/


https://nextjs.org/docs/messages/module-not-found


 ⨯ ./src/app/page.tsx:5:1
Module not found: Can't resolve '@/components/ContactForm'
[0m [90m 3 |[39m [36mimport[39m { [33mAnimatedSection[39m[33m,[39m [33mAnimatedCard[39m[33m,[39m [33mAnimatedButton[39m[33m,[39m [33mAnimatedIcon[39m } [36mfrom[39m [32m'@/components/AnimatedSection'[39m[33m;[39m
 [90m 4 |[39m [36mimport[39m [33mHeader[39m [36mfrom[39m [32m'@/components/Header'[39m[33m;[39m
[31m[1m>[22m[39m[90m 5 |[39m [36mimport[39m [33mContactForm[39m [36mfrom[39m [32m'@/components/ContactForm'[39m[33m;[39m
 [90m   |[39m [31m[1m^[22m[39m[31m[1m^[22m[39m[31m[1m^[22m[39m[31m[1m^[22m[39m[31m[1m^[22m[39m[31m[1m^[22m[39m[31m[1m^[22m[39m[31m[1m^[22m[39m[31m[1m^[22m[39m[31m[1m^[22m[39m[31m[1m^[22m[39m[31m[1m^[22m[39m[31m[1m^[22m[39m[31m[1m^[22m[39m[31m[1m^[22m[39m[31m[1m^[22m[39m[31m[1m^[22m[39m[31m[1m^[22m[39m[31m[1m^[22m[39m[31m[1m^[22m[39m[31m[1m^[22m[39m[31m[1m^[22m[39m[31m[1m^[22m[39m[31m[1m^[22m[39m[31m[1m^[22m[39m[31m[1m^[22m[39m[31m[1m^[22m[39m[31m[1m^[22m[39m[31m[1m^[22m[39m[31m[1m^[22m[39m[31m[1m^[22m[39m[31m[1m^[22m[39m[31m[1m^[22m[39m[31m[1m^[22m[39m[31m[1m^[22m[39m[31m[1m^[22m[39m[31m[1m^[22m[39m[31m[1m^[22m[39m[31m[1m^[22m[39m[31m[1m^[22m[39m[31m[1m^[22m[39m[31m[1m^[22m[39m[31m[1m^[22m[39m[31m[1m^[22m[39m[31m[1m^[22m[39m[31m[1m^[22m[39m[31m[1m^[22m[39m[31m[1m^[22m[39m[31m[1m^[22m[39m[31m[1m^[22m[39m[31m[1m^[22m[39m
 [90m 6 |[39m [36mimport[39m { motion } [36mfrom[39m [32m'framer-motion'[39m[33m;[39m
 [90m 7 |[39m
 [90m 8 |[39m [36mexport[39m [36mdefault[39m [36mfunction[39m [33mHome[39m() {[0m

Import map: aliased to relative './src/components/ContactForm' inside of [project]/


https://nextjs.org/docs/messages/module-not-found


 ⨯ ./src/app/page.tsx:5:1
Module not found: Can't resolve '@/components/ContactForm'
[0m [90m 3 |[39m [36mimport[39m { [33mAnimatedSection[39m[33m,[39m [33mAnimatedCard[39m[33m,[39m [33mAnimatedButton[39m[33m,[39m [33mAnimatedIcon[39m } [36mfrom[39m [32m'@/components/AnimatedSection'[39m[33m;[39m
 [90m 4 |[39m [36mimport[39m [33mHeader[39m [36mfrom[39m [32m'@/components/Header'[39m[33m;[39m
[31m[1m>[22m[39m[90m 5 |[39m [36mimport[39m [33mContactForm[39m [36mfrom[39m [32m'@/components/ContactForm'[39m[33m;[39m
 [90m   |[39m [31m[1m^[22m[39m[31m[1m^[22m[39m[31m[1m^[22m[39m[31m[1m^[22m[39m[31m[1m^[22m[39m[31m[1m^[22m[39m[31m[1m^[22m[39m[31m[1m^[22m[39m[31m[1m^[22m[39m[31m[1m^[22m[39m[31m[1m^[22m[39m[31m[1m^[22m[39m[31m[1m^[22m[39m[31m[1m^[22m[39m[31m[1m^[22m[39m[31m[1m^[22m[39m[31m[1m^[22m[39m[31m[1m^[22m[39m[31m[1m^[22m[39m[31m[1m^[22m[39m[31m[1m^[22m[39m[31m[1m^[22m[39m[31m[1m^[22m[39m[31m[1m^[22m[39m[31m[1m^[22m[39m[31m[1m^[22m[39m[31m[1m^[22m[39m[31m[1m^[22m[39m[31m[1m^[22m[39m[31m[1m^[22m[39m[31m[1m^[22m[39m[31m[1m^[22m[39m[31m[1m^[22m[39m[31m[1m^[22m[39m[31m[1m^[22m[39m[31m[1m^[22m[39m[31m[1m^[22m[39m[31m[1m^[22m[39m[31m[1m^[22m[39m[31m[1m^[22m[39m[31m[1m^[22m[39m[31m[1m^[22m[39m[31m[1m^[22m[39m[31m[1m^[22m[39m[31m[1m^[22m[39m[31m[1m^[22m[39m[31m[1m^[22m[39m[31m[1m^[22m[39m[31m[1m^[22m[39m[31m[1m^[22m[39m[31m[1m^[22m[39m
 [90m 6 |[39m [36mimport[39m { motion } [36mfrom[39m [32m'framer-motion'[39m[33m;[39m
 [90m 7 |[39m
 [90m 8 |[39m [36mexport[39m [36mdefault[39m [36mfunction[39m [33mHome[39m() {[0m

Import map: aliased to relative './src/components/ContactForm' inside of [project]/


https://nextjs.org/docs/messages/module-not-found


 ⨯ ./src/app/page.tsx:5:1
Module not found: Can't resolve '@/components/ContactForm'
[0m [90m 3 |[39m [36mimport[39m { [33mAnimatedSection[39m[33m,[39m [33mAnimatedCard[39m[33m,[39m [33mAnimatedButton[39m[33m,[39m [33mAnimatedIcon[39m } [36mfrom[39m [32m'@/components/AnimatedSection'[39m[33m;[39m
 [90m 4 |[39m [36mimport[39m [33mHeader[39m [36mfrom[39m [32m'@/components/Header'[39m[33m;[39m
[31m[1m>[22m[39m[90m 5 |[39m [36mimport[39m [33mContactForm[39m [36mfrom[39m [32m'@/components/ContactForm'[39m[33m;[39m
 [90m   |[39m [31m[1m^[22m[39m[31m[1m^[22m[39m[31m[1m^[22m[39m[31m[1m^[22m[39m[31m[1m^[22m[39m[31m[1m^[22m[39m[31m[1m^[22m[39m[31m[1m^[22m[39m[31m[1m^[22m[39m[31m[1m^[22m[39m[31m[1m^[22m[39m[31m[1m^[22m[39m[31m[1m^[22m[39m[31m[1m^[22m[39m[31m[1m^[22m[39m[31m[1m^[22m[39m[31m[1m^[22m[39m[31m[1m^[22m[39m[31m[1m^[22m[39m[31m[1m^[22m[39m[31m[1m^[22m[39m[31m[1m^[22m[39m[31m[1m^[22m[39m[31m[1m^[22m[39m[31m[1m^[22m[39m[31m[1m^[22m[39m[31m[1m^[22m[39m[31m[1m^[22m[39m[31m[1m^[22m[39m[31m[1m^[22m[39m[31m[1m^[22m[39m[31m[1m^[22m[39m[31m[1m^[22m[39m[31m[1m^[22m[39m[31m[1m^[22m[39m[31m[1m^[22m[39m[31m[1m^[22m[39m[31m[1m^[22m[39m[31m[1m^[22m[39m[31m[1m^[22m[39m[31m[1m^[22m[39m[31m[1m^[22m[39m[31m[1m^[22m[39m[31m[1m^[22m[39m[31m[1m^[22m[39m[31m[1m^[22m[39m[31m[1m^[22m[39m[31m[1m^[22m[39m[31m[1m^[22m[39m[31m[1m^[22m[39m[31m[1m^[22m[39m
 [90m 6 |[39m [36mimport[39m { motion } [36mfrom[39m [32m'framer-motion'[39m[33m;[39m
 [90m 7 |[39m
 [90m 8 |[39m [36mexport[39m [36mdefault[39m [36mfunction[39m [33mHome[39m() {[0m

Import map: aliased to relative './src/components/ContactForm' inside of [project]/


https://nextjs.org/docs/messages/module-not-found


 ⨯ ./src/app/page.tsx:5:1
Module not found: Can't resolve '@/components/ContactForm'
[0m [90m 3 |[39m [36mimport[39m { [33mAnimatedSection[39m[33m,[39m [33mAnimatedCard[39m[33m,[39m [33mAnimatedButton[39m[33m,[39m [33mAnimatedIcon[39m } [36mfrom[39m [32m'@/components/AnimatedSection'[39m[33m;[39m
 [90m 4 |[39m [36mimport[39m [33mHeader[39m [36mfrom[39m [32m'@/components/Header'[39m[33m;[39m
[31m[1m>[22m[39m[90m 5 |[39m [36mimport[39m [33mContactForm[39m [36mfrom[39m [32m'@/components/ContactForm'[39m[33m;[39m
 [90m   |[39m [31m[1m^[22m[39m[31m[1m^[22m[39m[31m[1m^[22m[39m[31m[1m^[22m[39m[31m[1m^[22m[39m[31m[1m^[22m[39m[31m[1m^[22m[39m[31m[1m^[22m[39m[31m[1m^[22m[39m[31m[1m^[22m[39m[31m[1m^[22m[39m[31m[1m^[22m[39m[31m[1m^[22m[39m[31m[1m^[22m[39m[31m[1m^[22m[39m[31m[1m^[22m[39m[31m[1m^[22m[39m[31m[1m^[22m[39m[31m[1m^[22m[39m[31m[1m^[22m[39m[31m[1m^[22m[39m[31m[1m^[22m[39m[31m[1m^[22m[39m[31m[1m^[22m[39m[31m[1m^[22m[39m[31m[1m^[22m[39m[31m[1m^[22m[39m[31m[1m^[22m[39m[31m[1m^[22m[39m[31m[1m^[22m[39m[31m[1m^[22m[39m[31m[1m^[22m[39m[31m[1m^[22m[39m[31m[1m^[22m[39m[31m[1m^[22m[39m[31m[1m^[22m[39m[31m[1m^[22m[39m[31m[1m^[22m[39m[31m[1m^[22m[39m[31m[1m^[22m[39m[31m[1m^[22m[39m[31m[1m^[22m[39m[31m[1m^[22m[39m[31m[1m^[22m[39m[31m[1m^[22m[39m[31m[1m^[22m[39m[31m[1m^[22m[39m[31m[1m^[22m[39m[31m[1m^[22m[39m[31m[1m^[22m[39m[31m[1m^[22m[39m
 [90m 6 |[39m [36mimport[39m { motion } [36mfrom[39m [32m'framer-motion'[39m[33m;[39m
 [90m 7 |[39m
 [90m 8 |[39m [36mexport[39m [36mdefault[39m [36mfunction[39m [33mHome[39m() {[0m

Import map: aliased to relative './src/components/ContactForm' inside of [project]/


https://nextjs.org/docs/messages/module-not-found


 ⨯ ./src/app/page.tsx:5:1
Module not found: Can't resolve '@/components/ContactForm'
[0m [90m 3 |[39m [36mimport[39m { [33mAnimatedSection[39m[33m,[39m [33mAnimatedCard[39m[33m,[39m [33mAnimatedButton[39m[33m,[39m [33mAnimatedIcon[39m } [36mfrom[39m [32m'@/components/AnimatedSection'[39m[33m;[39m
 [90m 4 |[39m [36mimport[39m [33mHeader[39m [36mfrom[39m [32m'@/components/Header'[39m[33m;[39m
[31m[1m>[22m[39m[90m 5 |[39m [36mimport[39m [33mContactForm[39m [36mfrom[39m [32m'@/components/ContactForm'[39m[33m;[39m
 [90m   |[39m [31m[1m^[22m[39m[31m[1m^[22m[39m[31m[1m^[22m[39m[31m[1m^[22m[39m[31m[1m^[22m[39m[31m[1m^[22m[39m[31m[1m^[22m[39m[31m[1m^[22m[39m[31m[1m^[22m[39m[31m[1m^[22m[39m[31m[1m^[22m[39m[31m[1m^[22m[39m[31m[1m^[22m[39m[31m[1m^[22m[39m[31m[1m^[22m[39m[31m[1m^[22m[39m[31m[1m^[22m[39m[31m[1m^[22m[39m[31m[1m^[22m[39m[31m[1m^[22m[39m[31m[1m^[22m[39m[31m[1m^[22m[39m[31m[1m^[22m[39m[31m[1m^[22m[39m[31m[1m^[22m[39m[31m[1m^[22m[39m[31m[1m^[22m[39m[31m[1m^[22m[39m[31m[1m^[22m[39m[31m[1m^[22m[39m[31m[1m^[22m[39m[31m[1m^[22m[39m[31m[1m^[22m[39m[31m[1m^[22m[39m[31m[1m^[22m[39m[31m[1m^[22m[39m[31m[1m^[22m[39m[31m[1m^[22m[39m[31m[1m^[22m[39m[31m[1m^[22m[39m[31m[1m^[22m[39m[31m[1m^[22m[39m[31m[1m^[22m[39m[31m[1m^[22m[39m[31m[1m^[22m[39m[31m[1m^[22m[39m[31m[1m^[22m[39m[31m[1m^[22m[39m[31m[1m^[22m[39m[31m[1m^[22m[39m[31m[1m^[22m[39m
 [90m 6 |[39m [36mimport[39m { motion } [36mfrom[39m [32m'framer-motion'[39m[33m;[39m
 [90m 7 |[39m
 [90m 8 |[39m [36mexport[39m [36mdefault[39m [36mfunction[39m [33mHome[39m() {[0m

Import map: aliased to relative './src/components/ContactForm' inside of [project]/


https://nextjs.org/docs/messages/module-not-found


 ⨯ ./src/app/page.tsx:5:1
Module not found: Can't resolve '@/components/ContactForm'
[0m [90m 3 |[39m [36mimport[39m { [33mAnimatedSection[39m[33m,[39m [33mAnimatedCard[39m[33m,[39m [33mAnimatedButton[39m[33m,[39m [33mAnimatedIcon[39m } [36mfrom[39m [32m'@/components/AnimatedSection'[39m[33m;[39m
 [90m 4 |[39m [36mimport[39m [33mHeader[39m [36mfrom[39m [32m'@/components/Header'[39m[33m;[39m
[31m[1m>[22m[39m[90m 5 |[39m [36mimport[39m [33mContactForm[39m [36mfrom[39m [32m'@/components/ContactForm'[39m[33m;[39m
 [90m   |[39m [31m[1m^[22m[39m[31m[1m^[22m[39m[31m[1m^[22m[39m[31m[1m^[22m[39m[31m[1m^[22m[39m[31m[1m^[22m[39m[31m[1m^[22m[39m[31m[1m^[22m[39m[31m[1m^[22m[39m[31m[1m^[22m[39m[31m[1m^[22m[39m[31m[1m^[22m[39m[31m[1m^[22m[39m[31m[1m^[22m[39m[31m[1m^[22m[39m[31m[1m^[22m[39m[31m[1m^[22m[39m[31m[1m^[22m[39m[31m[1m^[22m[39m[31m[1m^[22m[39m[31m[1m^[22m[39m[31m[1m^[22m[39m[31m[1m^[22m[39m[31m[1m^[22m[39m[31m[1m^[22m[39m[31m[1m^[22m[39m[31m[1m^[22m[39m[31m[1m^[22m[39m[31m[1m^[22m[39m[31m[1m^[22m[39m[31m[1m^[22m[39m[31m[1m^[22m[39m[31m[1m^[22m[39m[31m[1m^[22m[39m[31m[1m^[22m[39m[31m[1m^[22m[39m[31m[1m^[22m[39m[31m[1m^[22m[39m[31m[1m^[22m[39m[31m[1m^[22m[39m[31m[1m^[22m[39m[31m[1m^[22m[39m[31m[1m^[22m[39m[31m[1m^[22m[39m[31m[1m^[22m[39m[31m[1m^[22m[39m[31m[1m^[22m[39m[31m[1m^[22m[39m[31m[1m^[22m[39m[31m[1m^[22m[39m[31m[1m^[22m[39m
 [90m 6 |[39m [36mimport[39m { motion } [36mfrom[39m [32m'framer-motion'[39m[33m;[39m
 [90m 7 |[39m
 [90m 8 |[39m [36mexport[39m [36mdefault[39m [36mfunction[39m [33mHome[39m() {[0m

Import map: aliased to relative './src/components/ContactForm' inside of [project]/


https://nextjs.org/docs/messages/module-not-found


 ⨯ ./src/app/page.tsx:5:1
Module not found: Can't resolve '@/components/ContactForm'
[0m [90m 3 |[39m [36mimport[39m { [33mAnimatedSection[39m[33m,[39m [33mAnimatedCard[39m[33m,[39m [33mAnimatedButton[39m[33m,[39m [33mAnimatedIcon[39m } [36mfrom[39m [32m'@/components/AnimatedSection'[39m[33m;[39m
 [90m 4 |[39m [36mimport[39m [33mHeader[39m [36mfrom[39m [32m'@/components/Header'[39m[33m;[39m
[31m[1m>[22m[39m[90m 5 |[39m [36mimport[39m [33mContactForm[39m [36mfrom[39m [32m'@/components/ContactForm'[39m[33m;[39m
 [90m   |[39m [31m[1m^[22m[39m[31m[1m^[22m[39m[31m[1m^[22m[39m[31m[1m^[22m[39m[31m[1m^[22m[39m[31m[1m^[22m[39m[31m[1m^[22m[39m[31m[1m^[22m[39m[31m[1m^[22m[39m[31m[1m^[22m[39m[31m[1m^[22m[39m[31m[1m^[22m[39m[31m[1m^[22m[39m[31m[1m^[22m[39m[31m[1m^[22m[39m[31m[1m^[22m[39m[31m[1m^[22m[39m[31m[1m^[22m[39m[31m[1m^[22m[39m[31m[1m^[22m[39m[31m[1m^[22m[39m[31m[1m^[22m[39m[31m[1m^[22m[39m[31m[1m^[22m[39m[31m[1m^[22m[39m[31m[1m^[22m[39m[31m[1m^[22m[39m[31m[1m^[22m[39m[31m[1m^[22m[39m[31m[1m^[22m[39m[31m[1m^[22m[39m[31m[1m^[22m[39m[31m[1m^[22m[39m[31m[1m^[22m[39m[31m[1m^[22m[39m[31m[1m^[22m[39m[31m[1m^[22m[39m[31m[1m^[22m[39m[31m[1m^[22m[39m[31m[1m^[22m[39m[31m[1m^[22m[39m[31m[1m^[22m[39m[31m[1m^[22m[39m[31m[1m^[22m[39m[31m[1m^[22m[39m[31m[1m^[22m[39m[31m[1m^[22m[39m[31m[1m^[22m[39m[31m[1m^[22m[39m[31m[1m^[22m[39m[31m[1m^[22m[39m
 [90m 6 |[39m [36mimport[39m { motion } [36mfrom[39m [32m'framer-motion'[39m[33m;[39m
 [90m 7 |[39m
 [90m 8 |[39m [36mexport[39m [36mdefault[39m [36mfunction[39m [33mHome[39m() {[0m

Import map: aliased to relative './src/components/ContactForm' inside of [project]/


https://nextjs.org/docs/messages/module-not-found


 ⨯ ./src/app/page.tsx:5:1
Module not found: Can't resolve '@/components/ContactForm'
[0m [90m 3 |[39m [36mimport[39m { [33mAnimatedSection[39m[33m,[39m [33mAnimatedCard[39m[33m,[39m [33mAnimatedButton[39m[33m,[39m [33mAnimatedIcon[39m } [36mfrom[39m [32m'@/components/AnimatedSection'[39m[33m;[39m
 [90m 4 |[39m [36mimport[39m [33mHeader[39m [36mfrom[39m [32m'@/components/Header'[39m[33m;[39m
[31m[1m>[22m[39m[90m 5 |[39m [36mimport[39m [33mContactForm[39m [36mfrom[39m [32m'@/components/ContactForm'[39m[33m;[39m
 [90m   |[39m [31m[1m^[22m[39m[31m[1m^[22m[39m[31m[1m^[22m[39m[31m[1m^[22m[39m[31m[1m^[22m[39m[31m[1m^[22m[39m[31m[1m^[22m[39m[31m[1m^[22m[39m[31m[1m^[22m[39m[31m[1m^[22m[39m[31m[1m^[22m[39m[31m[1m^[22m[39m[31m[1m^[22m[39m[31m[1m^[22m[39m[31m[1m^[22m[39m[31m[1m^[22m[39m[31m[1m^[22m[39m[31m[1m^[22m[39m[31m[1m^[22m[39m[31m[1m^[22m[39m[31m[1m^[22m[39m[31m[1m^[22m[39m[31m[1m^[22m[39m[31m[1m^[22m[39m[31m[1m^[22m[39m[31m[1m^[22m[39m[31m[1m^[22m[39m[31m[1m^[22m[39m[31m[1m^[22m[39m[31m[1m^[22m[39m[31m[1m^[22m[39m[31m[1m^[22m[39m[31m[1m^[22m[39m[31m[1m^[22m[39m[31m[1m^[22m[39m[31m[1m^[22m[39m[31m[1m^[22m[39m[31m[1m^[22m[39m[31m[1m^[22m[39m[31m[1m^[22m[39m[31m[1m^[22m[39m[31m[1m^[22m[39m[31m[1m^[22m[39m[31m[1m^[22m[39m[31m[1m^[22m[39m[31m[1m^[22m[39m[31m[1m^[22m[39m[31m[1m^[22m[39m[31m[1m^[22m[39m[31m[1m^[22m[39m[31m[1m^[22m[39m
 [90m 6 |[39m [36mimport[39m { motion } [36mfrom[39m [32m'framer-motion'[39m[33m;[39m
 [90m 7 |[39m
 [90m 8 |[39m [36mexport[39m [36mdefault[39m [36mfunction[39m [33mHome[39m() {[0m

Import map: aliased to relative './src/components/ContactForm' inside of [project]/


https://nextjs.org/docs/messages/module-not-found


 ⨯ ./src/app/page.tsx:5:1
Module not found: Can't resolve '@/components/ContactForm'
[0m [90m 3 |[39m [36mimport[39m { [33mAnimatedSection[39m[33m,[39m [33mAnimatedCard[39m[33m,[39m [33mAnimatedButton[39m[33m,[39m [33mAnimatedIcon[39m } [36mfrom[39m [32m'@/components/AnimatedSection'[39m[33m;[39m
 [90m 4 |[39m [36mimport[39m [33mHeader[39m [36mfrom[39m [32m'@/components/Header'[39m[33m;[39m
[31m[1m>[22m[39m[90m 5 |[39m [36mimport[39m [33mContactForm[39m [36mfrom[39m [32m'@/components/ContactForm'[39m[33m;[39m
 [90m   |[39m [31m[1m^[22m[39m[31m[1m^[22m[39m[31m[1m^[22m[39m[31m[1m^[22m[39m[31m[1m^[22m[39m[31m[1m^[22m[39m[31m[1m^[22m[39m[31m[1m^[22m[39m[31m[1m^[22m[39m[31m[1m^[22m[39m[31m[1m^[22m[39m[31m[1m^[22m[39m[31m[1m^[22m[39m[31m[1m^[22m[39m[31m[1m^[22m[39m[31m[1m^[22m[39m[31m[1m^[22m[39m[31m[1m^[22m[39m[31m[1m^[22m[39m[31m[1m^[22m[39m[31m[1m^[22m[39m[31m[1m^[22m[39m[31m[1m^[22m[39m[31m[1m^[22m[39m[31m[1m^[22m[39m[31m[1m^[22m[39m[31m[1m^[22m[39m[31m[1m^[22m[39m[31m[1m^[22m[39m[31m[1m^[22m[39m[31m[1m^[22m[39m[31m[1m^[22m[39m[31m[1m^[22m[39m[31m[1m^[22m[39m[31m[1m^[22m[39m[31m[1m^[22m[39m[31m[1m^[22m[39m[31m[1m^[22m[39m[31m[1m^[22m[39m[31m[1m^[22m[39m[31m[1m^[22m[39m[31m[1m^[22m[39m[31m[1m^[22m[39m[31m[1m^[22m[39m[31m[1m^[22m[39m[31m[1m^[22m[39m[31m[1m^[22m[39m[31m[1m^[22m[39m[31m[1m^[22m[39m[31m[1m^[22m[39m[31m[1m^[22m[39m
 [90m 6 |[39m [36mimport[39m { motion } [36mfrom[39m [32m'framer-motion'[39m[33m;[39m
 [90m 7 |[39m
 [90m 8 |[39m [36mexport[39m [36mdefault[39m [36mfunction[39m [33mHome[39m() {[0m

Import map: aliased to relative './src/components/ContactForm' inside of [project]/


https://nextjs.org/docs/messages/module-not-found


 ⨯ ./src/app/page.tsx:5:1
Module not found: Can't resolve '@/components/ContactForm'
[0m [90m 3 |[39m [36mimport[39m { [33mAnimatedSection[39m[33m,[39m [33mAnimatedCard[39m[33m,[39m [33mAnimatedButton[39m[33m,[39m [33mAnimatedIcon[39m } [36mfrom[39m [32m'@/components/AnimatedSection'[39m[33m;[39m
 [90m 4 |[39m [36mimport[39m [33mHeader[39m [36mfrom[39m [32m'@/components/Header'[39m[33m;[39m
[31m[1m>[22m[39m[90m 5 |[39m [36mimport[39m [33mContactForm[39m [36mfrom[39m [32m'@/components/ContactForm'[39m[33m;[39m
 [90m   |[39m [31m[1m^[22m[39m[31m[1m^[22m[39m[31m[1m^[22m[39m[31m[1m^[22m[39m[31m[1m^[22m[39m[31m[1m^[22m[39m[31m[1m^[22m[39m[31m[1m^[22m[39m[31m[1m^[22m[39m[31m[1m^[22m[39m[31m[1m^[22m[39m[31m[1m^[22m[39m[31m[1m^[22m[39m[31m[1m^[22m[39m[31m[1m^[22m[39m[31m[1m^[22m[39m[31m[1m^[22m[39m[31m[1m^[22m[39m[31m[1m^[22m[39m[31m[1m^[22m[39m[31m[1m^[22m[39m[31m[1m^[22m[39m[31m[1m^[22m[39m[31m[1m^[22m[39m[31m[1m^[22m[39m[31m[1m^[22m[39m[31m[1m^[22m[39m[31m[1m^[22m[39m[31m[1m^[22m[39m[31m[1m^[22m[39m[31m[1m^[22m[39m[31m[1m^[22m[39m[31m[1m^[22m[39m[31m[1m^[22m[39m[31m[1m^[22m[39m[31m[1m^[22m[39m[31m[1m^[22m[39m[31m[1m^[22m[39m[31m[1m^[22m[39m[31m[1m^[22m[39m[31m[1m^[22m[39m[31m[1m^[22m[39m[31m[1m^[22m[39m[31m[1m^[22m[39m[31m[1m^[22m[39m[31m[1m^[22m[39m[31m[1m^[22m[39m[31m[1m^[22m[39m[31m[1m^[22m[39m[31m[1m^[22m[39m[31m[1m^[22m[39m
 [90m 6 |[39m [36mimport[39m { motion } [36mfrom[39m [32m'framer-motion'[39m[33m;[39m
 [90m 7 |[39m
 [90m 8 |[39m [36mexport[39m [36mdefault[39m [36mfunction[39m [33mHome[39m() {[0m

Import map: aliased to relative './src/components/ContactForm' inside of [project]/


https://nextjs.org/docs/messages/module-not-found


 ⨯ ./src/app/page.tsx:5:1
Module not found: Can't resolve '@/components/ContactForm'
[0m [90m 3 |[39m [36mimport[39m { [33mAnimatedSection[39m[33m,[39m [33mAnimatedCard[39m[33m,[39m [33mAnimatedButton[39m[33m,[39m [33mAnimatedIcon[39m } [36mfrom[39m [32m'@/components/AnimatedSection'[39m[33m;[39m
 [90m 4 |[39m [36mimport[39m [33mHeader[39m [36mfrom[39m [32m'@/components/Header'[39m[33m;[39m
[31m[1m>[22m[39m[90m 5 |[39m [36mimport[39m [33mContactForm[39m [36mfrom[39m [32m'@/components/ContactForm'[39m[33m;[39m
 [90m   |[39m [31m[1m^[22m[39m[31m[1m^[22m[39m[31m[1m^[22m[39m[31m[1m^[22m[39m[31m[1m^[22m[39m[31m[1m^[22m[39m[31m[1m^[22m[39m[31m[1m^[22m[39m[31m[1m^[22m[39m[31m[1m^[22m[39m[31m[1m^[22m[39m[31m[1m^[22m[39m[31m[1m^[22m[39m[31m[1m^[22m[39m[31m[1m^[22m[39m[31m[1m^[22m[39m[31m[1m^[22m[39m[31m[1m^[22m[39m[31m[1m^[22m[39m[31m[1m^[22m[39m[31m[1m^[22m[39m[31m[1m^[22m[39m[31m[1m^[22m[39m[31m[1m^[22m[39m[31m[1m^[22m[39m[31m[1m^[22m[39m[31m[1m^[22m[39m[31m[1m^[22m[39m[31m[1m^[22m[39m[31m[1m^[22m[39m[31m[1m^[22m[39m[31m[1m^[22m[39m[31m[1m^[22m[39m[31m[1m^[22m[39m[31m[1m^[22m[39m[31m[1m^[22m[39m[31m[1m^[22m[39m[31m[1m^[22m[39m[31m[1m^[22m[39m[31m[1m^[22m[39m[31m[1m^[22m[39m[31m[1m^[22m[39m[31m[1m^[22m[39m[31m[1m^[22m[39m[31m[1m^[22m[39m[31m[1m^[22m[39m[31m[1m^[22m[39m[31m[1m^[22m[39m[31m[1m^[22m[39m[31m[1m^[22m[39m[31m[1m^[22m[39m
 [90m 6 |[39m [36mimport[39m { motion } [36mfrom[39m [32m'framer-motion'[39m[33m;[39m
 [90m 7 |[39m
 [90m 8 |[39m [36mexport[39m [36mdefault[39m [36mfunction[39m [33mHome[39m() {[0m

Import map: aliased to relative './src/components/ContactForm' inside of [project]/


https://nextjs.org/docs/messages/module-not-found


 ⨯ ./src/app/page.tsx:5:1
Module not found: Can't resolve '@/components/ContactForm'
[0m [90m 3 |[39m [36mimport[39m { [33mAnimatedSection[39m[33m,[39m [33mAnimatedCard[39m[33m,[39m [33mAnimatedButton[39m[33m,[39m [33mAnimatedIcon[39m } [36mfrom[39m [32m'@/components/AnimatedSection'[39m[33m;[39m
 [90m 4 |[39m [36mimport[39m [33mHeader[39m [36mfrom[39m [32m'@/components/Header'[39m[33m;[39m
[31m[1m>[22m[39m[90m 5 |[39m [36mimport[39m [33mContactForm[39m [36mfrom[39m [32m'@/components/ContactForm'[39m[33m;[39m
 [90m   |[39m [31m[1m^[22m[39m[31m[1m^[22m[39m[31m[1m^[22m[39m[31m[1m^[22m[39m[31m[1m^[22m[39m[31m[1m^[22m[39m[31m[1m^[22m[39m[31m[1m^[22m[39m[31m[1m^[22m[39m[31m[1m^[22m[39m[31m[1m^[22m[39m[31m[1m^[22m[39m[31m[1m^[22m[39m[31m[1m^[22m[39m[31m[1m^[22m[39m[31m[1m^[22m[39m[31m[1m^[22m[39m[31m[1m^[22m[39m[31m[1m^[22m[39m[31m[1m^[22m[39m[31m[1m^[22m[39m[31m[1m^[22m[39m[31m[1m^[22m[39m[31m[1m^[22m[39m[31m[1m^[22m[39m[31m[1m^[22m[39m[31m[1m^[22m[39m[31m[1m^[22m[39m[31m[1m^[22m[39m[31m[1m^[22m[39m[31m[1m^[22m[39m[31m[1m^[22m[39m[31m[1m^[22m[39m[31m[1m^[22m[39m[31m[1m^[22m[39m[31m[1m^[22m[39m[31m[1m^[22m[39m[31m[1m^[22m[39m[31m[1m^[22m[39m[31m[1m^[22m[39m[31m[1m^[22m[39m[31m[1m^[22m[39m[31m[1m^[22m[39m[31m[1m^[22m[39m[31m[1m^[22m[39m[31m[1m^[22m[39m[31m[1m^[22m[39m[31m[1m^[22m[39m[31m[1m^[22m[39m[31m[1m^[22m[39m[31m[1m^[22m[39m
 [90m 6 |[39m [36mimport[39m { motion } [36mfrom[39m [32m'framer-motion'[39m[33m;[39m
 [90m 7 |[39m
 [90m 8 |[39m [36mexport[39m [36mdefault[39m [36mfunction[39m [33mHome[39m() {[0m

Import map: aliased to relative './src/components/ContactForm' inside of [project]/


https://nextjs.org/docs/messages/module-not-found


 ✓ Compiled in 241ms
 ✓ Compiled / in 7ms
 GET / 200 in 76ms
 ⚠ Fast Refresh had to perform a full reload due to a runtime error.
 ⚠ Fast Refresh had to perform a full reload due to a runtime error.
 ✓ Compiled / in 9ms
 ⨯ [Error: Element type is invalid: expected a string (for built-in components) or a class/function (for composite components) but got: undefined. You likely forgot to export your component from the file it's defined in, or you might have mixed up default and named imports.] {
  digest: '1603652798'
}
 GET / 500 in 240ms
 GET /favicon.ico 200 in 215ms
 ⚠ Fast Refresh had to perform a full reload due to a runtime error.
 ⨯ [Error: Element type is invalid: expected a string (for built-in components) or a class/function (for composite components) but got: undefined. You likely forgot to export your component from the file it's defined in, or you might have mixed up default and named imports.] {
  digest: '1603652798'
}
 ✓ Compiled in 18ms
 GET / 500 in 166ms
 GET /favicon.ico 200 in 218ms
 ✓ Compiled / in 6ms
 ⨯ [Error: Element type is invalid: expected a string (for built-in components) or a class/function (for composite components) but got: undefined. You likely forgot to export your component from the file it's defined in, or you might have mixed up default and named imports.] {
  digest: '1603652798'
}
 GET / 500 in 221ms
 GET /favicon.ico 200 in 213ms
 ✓ Compiled / in 7ms
 ⨯ [Error: Element type is invalid: expected a string (for built-in components) or a class/function (for composite components) but got: undefined. You likely forgot to export your component from the file it's defined in, or you might have mixed up default and named imports.] {
  digest: '56335833'
}
 GET / 500 in 205ms
 GET /favicon.ico 200 in 214ms
 ⨯ [Error: Element type is invalid: expected a string (for built-in components) or a class/function (for composite components) but got: undefined. You likely forgot to export your component from the file it's defined in, or you might have mixed up default and named imports.] {
  digest: '1603652798'
}
 GET / 500 in 156ms
[TypeError: controller[kState].transformAlgorithm is not a function]
 ⨯ [Error: Element type is invalid: expected a string (for built-in components) or a class/function (for composite components) but got: undefined. You likely forgot to export your component from the file it's defined in, or you might have mixed up default and named imports.] {
  digest: '1603652798'
}
 GET / 500 in 148ms
[10135:0717/061334.595338:ERROR:node_bindings.cc(381)] Most NODE_OPTIONs are not supported in packaged apps. See documentation for more details.
[10135:0717/061334.595366:ERROR:node_bindings.cc(381)] Most NODE_OPTIONs are not supported in packaged apps. See documentation for more details.
(node:10135) [DEP0168] DeprecationWarning: Uncaught N-API callback exception detected, please run node with option --force-node-api-uncaught-exceptions-policy=true to handle those exceptions properly.
(Use `Cursor --trace-deprecation ...` to show where the warning was created)
[10142:0717/061343.203914:ERROR:node_bindings.cc(381)] Most NODE_OPTIONs are not supported in packaged apps. See documentation for more details.
[10142:0717/061343.203943:ERROR:node_bindings.cc(381)] Most NODE_OPTIONs are not supported in packaged apps. See documentation for more details.
(node:10142) [DEP0168] DeprecationWarning: Uncaught N-API callback exception detected, please run node with option --force-node-api-uncaught-exceptions-policy=true to handle those exceptions properly.
(Use `Cursor --trace-deprecation ...` to show where the warning was created)
[10149:0717/061349.284624:ERROR:node_bindings.cc(381)] Most NODE_OPTIONs are not supported in packaged apps. See documentation for more details.
[10149:0717/061349.284655:ERROR:node_bindings.cc(381)] Most NODE_OPTIONs are not supported in packaged apps. See documentation for more details.
(node:10149) [DEP0168] DeprecationWarning: Uncaught N-API callback exception detected, please run node with option --force-node-api-uncaught-exceptions-policy=true to handle those exceptions properly.
(Use `Cursor --trace-deprecation ...` to show where the warning was created)
 ✓ Compiled / in 70ms
 GET / 200 in 218ms
 GET / 200 in 216ms
 GET /favicon.ico?favicon.45db1c09.ico 200 in 231ms
 GET /favicon.ico?favicon.45db1c09.ico 200 in 217ms
 ✓ Compiled / in 12ms
 GET / 200 in 64ms
 GET / 200 in 27ms
